<?xml version="1.0" encoding="UTF-8"?>
<!-- Generated by org.testng.reporters.JUnitReportReporter -->
<testsuite hostname="DESKTOP-UA7G0ND" failures="0" tests="1" name="yuvaantestacademy.YuvaanSelenium.SeleniumTest" time="0.004" errors="0" timestamp="2024-06-22T20:20:27 IST" skipped="0">
  <testcase classname="yuvaantestacademy.YuvaanSelenium.SeleniumTest" name="getData" time="0.004"/>
</testsuite> <!-- yuvaantestacademy.YuvaanSelenium.SeleniumTest -->
