<?xml version="1.0" encoding="UTF-8"?>
<!-- Generated by org.testng.reporters.JUnitReportReporter -->
<testsuite hostname="DESKTOP-UA7G0ND" failures="0" tests="1" name="yuvaantestacademy.YuvaanSelenium.PostmanTest" time="0.002" errors="0" timestamp="2024-06-22T20:15:13 IST" skipped="0">
  <testcase classname="yuvaantestacademy.YuvaanSelenium.PostmanTest" name="getPostman" time="0.002"/>
</testsuite> <!-- yuvaantestacademy.YuvaanSelenium.PostmanTest -->
